<?xml version="1.0" encoding="UTF-8"?>
<!-- Generated by org.testng.reporters.JUnitReportReporter -->
<testsuite skipped="0" hostname="DESKTOP-20PAJF1" name="test.TestMaven" tests="1" failures="0" timestamp="11 дек 2017 09:56:06 GMT" time="60.324" errors="0">
  <testcase name="checkTest" time="60.324" classname="test.TestMaven"/>
</testsuite> <!-- test.TestMaven -->
